<?xml version="1.0" encoding="UTF-8"?>
<!-- Generated by org.testng.reporters.JUnitReportReporter -->
<testsuite hostname="QT-INBG-LT0308" failures="0" tests="1" name="B1.SignIn_Order" time="6.522" errors="0" timestamp="2022-07-21T11:37:30 IST" skipped="0">
  <testcase classname="B1.SignIn_Order" name="SignInOrder" time="6.522"/>
  <system-out/>
</testsuite> <!-- B1.SignIn_Order -->
