<?xml version="1.0" encoding="UTF-8"?>
<!-- Generated by org.testng.reporters.JUnitReportReporter -->
<testsuite hostname="QT-INBG-LT0308" failures="0" tests="1" name="B1.ContactUs" time="3.076" errors="0" timestamp="2022-07-21T11:37:30 IST" skipped="0">
  <testcase classname="B1.ContactUs" name="contactuS" time="3.076"/>
  <system-out/>
</testsuite> <!-- B1.ContactUs -->
