<?xml version="1.0" encoding="UTF-8"?>
<!-- Generated by org.testng.reporters.JUnitReportReporter -->
<testsuite hostname="QT-INBG-LT0308" failures="0" tests="1" name="B1.SingnUp" time="3.381" errors="0" timestamp="2022-07-26T20:25:50 IST" skipped="0">
  <testcase classname="B1.SingnUp" name="Signup" time="3.381"/>
  <system-out/>
</testsuite> <!-- B1.SingnUp -->
