<?xml version="1.0" encoding="UTF-8"?>
<!-- Generated by org.testng.reporters.JUnitReportReporter -->
<testsuite hostname="QT-INBG-LT0308" failures="0" tests="3" name="B1.MobileWorld" time="7.967" errors="0" timestamp="2022-07-26T20:27:35 IST" skipped="0">
  <testcase classname="B1.MobileWorld" name="Login" time="3.833"/>
  <system-out/>
  <testcase classname="B1.MobileWorld" name="SignUp" time="2.889"/>
  <system-out/>
  <testcase classname="B1.MobileWorld" name="ContactUs" time="1.245"/>
  <system-out/>
</testsuite> <!-- B1.MobileWorld -->
